
Showing logs for build [32mcb-kubecd-environment-pr-509-52-74vsq-1[0m stage [32mfrom-build-pack[0m and container [32mstep-credential-initializer-twvl6[0m
{"level":"info","ts":1589818071.4801922,"logger":"fallback-logger","caller":"logging/config.go:69","msg":"Fetch GitHub commit ID from kodata failed: open /var/run/ko/refs/heads/0.8.0-ns-support: no such file or directory"}
{"level":"info","ts":1589818071.4810376,"logger":"fallback-logger","caller":"creds-init/main.go:40","msg":"Credentials initialized."}

Showing logs for build [32mcb-kubecd-environment-pr-509-52-74vsq-1[0m stage [32mfrom-build-pack[0m and container [32mstep-working-dir-initializer-ksmvl[0m
{"level":"info","ts":1589818072.0629091,"logger":"fallback-logger","caller":"logging/config.go:69","msg":"Fetch GitHub commit ID from kodata failed: open /var/run/ko/HEAD: no such file or directory"}
{"level":"info","ts":1589818072.0672312,"logger":"fallback-logger","caller":"bash/main.go:64","msg":"Successfully executed command \"sh -c mkdir -p /workspace/source\"; output "}

Showing logs for build [32mcb-kubecd-environment-pr-509-52-74vsq-1[0m stage [32mfrom-build-pack[0m and container [32mstep-place-tools[0m

Showing logs for build [32mcb-kubecd-environment-pr-509-52-74vsq-1[0m stage [32mfrom-build-pack[0m and container [32mstep-git-source-cb-kubecd-environment-pr-509-52-74vsq-jrtnt[0m
{"level":"info","ts":1589818076.1078315,"logger":"fallback-logger","caller":"logging/config.go:69","msg":"Fetch GitHub commit ID from kodata failed: open /var/run/ko/refs/heads/0.8.0-ns-support: no such file or directory"}
{"level":"info","ts":1589818077.128717,"logger":"fallback-logger","caller":"git/git.go:103","msg":"Successfully cloned https://github.com/cb-kubecd/environment-pr-509-52-bdd-frontend-staging.git @ master in path /workspace/source"}

Showing logs for build [32mcb-kubecd-environment-pr-509-52-74vsq-1[0m stage [32mfrom-build-pack[0m and container [32mstep-git-merge[0m
Using SHAs from PULL_REFS=master:07e784082a5e7b71e31e9e3e85f3b770d6c33f94,1:5cc8c857563dc495453551e9593c049cb75177ff
DEBUG: LC_ALL=C JX_LOG_LEVEL=error git fetch origin --unshallow 5cc8c857563dc495453551e9593c049cb75177ff: 07e784082a5e7b71e31e9e3e85f3b770d6c33f94:
DEBUG: ran git fetch --unshallow origin 5cc8c857563dc495453551e9593c049cb75177ff: 07e784082a5e7b71e31e9e3e85f3b770d6c33f94: in 
DEBUG: LC_ALL=C JX_LOG_LEVEL=error git branch
DEBUG: JX_LOG_LEVEL=error LC_ALL=C git checkout master
DEBUG: ran git checkout master in 
DEBUG: LC_ALL=C JX_LOG_LEVEL=error git reset --hard 07e784082a5e7b71e31e9e3e85f3b770d6c33f94
DEBUG: ran git reset --hard 07e784082a5e7b71e31e9e3e85f3b770d6c33f94 in 
DEBUG: LC_ALL=C JX_LOG_LEVEL=error git clean -fd .
DEBUG: ran clean --force -d . in 
DEBUG: LC_ALL=C JX_LOG_LEVEL=error git merge 5cc8c857563dc495453551e9593c049cb75177ff
DEBUG: ran git merge 5cc8c857563dc495453551e9593c049cb75177ff in 
DEBUG: LC_ALL=C JX_LOG_LEVEL=error git log --format=%H%x1f%an%x1f%ae%x1f%cn%x1f%ce%x1f%s%n%b%x1e 07e784082a5e7b71e31e9e3e85f3b770d6c33f94..HEAD
Merged SHA 5cc8c857563dc495453551e9593c049cb75177ff with commit message 'chore: Promote bdd-nh-1589817025 to version 0.0.1' into base branch master

Showing logs for build [32mcb-kubecd-environment-pr-509-52-74vsq-1[0m stage [32mfrom-build-pack[0m and container [32mstep-build-helm-build[0m
WARNING: No $CHART_REPOSITORY defined so using the default value of: http://jenkins-x-chartmuseum:8080
Adding missing Helm repo: storage.googleapis.com https://storage.googleapis.com/chartmuseum.jenkins-x.io
WARNING: No secrets found on "helm/repos" due: reading the secret "helm/repos" from vault: no secret "helm/repos" not found in vault
Read credentials for https://storage.googleapis.com/chartmuseum.jenkins-x.io from vault helm/repos
Successfully added Helm repository storage.googleapis.com.
Adding missing Helm repo: jenkins-x-chartmuseum http://jenkins-x-chartmuseum:8080
WARNING: No secrets found on "helm/repos" due: reading the secret "helm/repos" from vault: no secret "helm/repos" not found in vault
Read credentials for http://jenkins-x-chartmuseum:8080 from vault helm/repos
Successfully added Helm repository jenkins-x-chartmuseum.
WARNING: No $CHART_REPOSITORY defined so using the default value of: http://jenkins-x-chartmuseum:8080
Adding missing Helm repo: chartmuseum.jenkins-x.io http://chartmuseum.jenkins-x.io
WARNING: No secrets found on "helm/repos" due: reading the secret "helm/repos" from vault: no secret "helm/repos" not found in vault
Read credentials for http://chartmuseum.jenkins-x.io from vault helm/repos
Successfully added Helm repository chartmuseum.jenkins-x.io.
